  speechManager.cpp
e:\visual studio\project\c++\code18\code18\speechmanager.cpp(59): warning C4018: “<”: 有符号/无符号不匹配
e:\visual studio\project\c++\code18\code18\speechmanager.cpp(320): warning C4018: “<”: 有符号/无符号不匹配
e:\visual studio\vc\tools\msvc\14.16.27023\include\numeric(26): warning C4244: “=”: 从“double”转换到“_Ty”，可能丢失数据
          with
          [
              _Ty=float
          ]
  e:\visual studio\vc\tools\msvc\14.16.27023\include\numeric(36): note: 参见对正在编译的函数 模板 实例化“_Ty std::accumulate<_InIt,_Ty,std::plus<void>>(const _InIt,const _InIt,_Ty,_Fn)”的引用
          with
          [
              _Ty=float,
              _InIt=std::_Deque_iterator<std::_Deque_val<std::_Deque_simple_types<double>>>,
              _Fn=std::plus<void>
          ]
  e:\visual studio\project\c++\code18\code18\speechmanager.cpp(138): note: 参见对正在编译的函数 模板 实例化“_Ty std::accumulate<std::_Deque_iterator<std::_Deque_val<std::_Deque_simple_types<double>>>,float>(const _InIt,const _InIt,_Ty)”的引用
          with
          [
              _Ty=float,
              _InIt=std::_Deque_iterator<std::_Deque_val<std::_Deque_simple_types<double>>>
          ]
  code18.vcxproj -> E:\Visual Studio\Project\C++\code18\Debug\code18.exe
